[debug] [2017-09-10T08:04:09.852Z] ----------------------------------------------------------------------
[debug] [2017-09-10T08:04:09.855Z] Command:       /home/egwuenu/.nvm/versions/node/v8.3.0/bin/node /home/egwuenu/.nvm/versions/node/v8.3.0/bin/firebase deploy
[debug] [2017-09-10T08:04:09.856Z] CLI Version:   3.10.0
[debug] [2017-09-10T08:04:09.856Z] Platform:      linux
[debug] [2017-09-10T08:04:09.856Z] Node Version:  v8.3.0
[debug] [2017-09-10T08:04:09.856Z] Time:          Sun Sep 10 2017 09:04:09 GMT+0100 (WAT)
[debug] [2017-09-10T08:04:09.856Z] ----------------------------------------------------------------------
[debug] 
[debug] [2017-09-10T08:04:09.871Z] > command requires scopes: ["email","openid","https://www.googleapis.com/auth/cloudplatformprojects.readonly","https://www.googleapis.com/auth/firebase","https://www.googleapis.com/auth/cloud-platform"]
[debug] [2017-09-10T08:04:09.872Z] > authorizing via signed-in user
[debug] [2017-09-10T08:04:09.874Z] >>> HTTP REQUEST GET https://admin.firebase.com/v1/projects/friendlychat-e6bb6  
 Sun Sep 10 2017 09:04:09 GMT+0100 (WAT)
[debug] [2017-09-10T08:04:11.037Z] <<< HTTP RESPONSE 200
[debug] [2017-09-10T08:04:11.038Z] >>> HTTP REQUEST GET https://admin.firebase.com/v1/database/friendlychat-e6bb6/tokens  
 Sun Sep 10 2017 09:04:11 GMT+0100 (WAT)
[debug] [2017-09-10T08:04:12.079Z] <<< HTTP RESPONSE 200
[info] 
[info] === Deploying to 'friendlychat-e6bb6'...
[info] 
[info] i  deploying database, storage, functions, hosting
[info] ✔  database: rules ready to deploy.
[info] i  storage: checking rules for compilation errors...
[debug] [2017-09-10T08:04:14.554Z] >>> HTTP REQUEST POST https://firebaserules.googleapis.com/v1/projects/friendlychat-e6bb6:test { source: { files: [ [Object] ] } } 
 Sun Sep 10 2017 09:04:14 GMT+0100 (WAT)
[debug] [2017-09-10T08:04:15.802Z] <<< HTTP RESPONSE 200
[info] ✔  storage: rules file compiled successfully
[debug] [2017-09-10T08:04:15.859Z] > [functions] package.json contents: {
  "name": "friendlychat-codelab",
  "description": "Firebase SDK for Cloud Functions codelab",
  "dependencies": {
    "firebase-admin": "^4.1.1",
    "firebase-functions": "^0.5.1"
  }
}
[info] i  functions: ensuring necessary APIs are enabled...
[info] i  runtimeconfig: ensuring necessary APIs are enabled...
[debug] [2017-09-10T08:04:15.861Z] >>> HTTP REQUEST GET https://servicemanagement.googleapis.com/v1/services/cloudfunctions.googleapis.com/projectSettings/friendlychat-e6bb6?view=CONSUMER_VIEW  
 Sun Sep 10 2017 09:04:15 GMT+0100 (WAT)
[debug] [2017-09-10T08:04:15.861Z] >>> HTTP REQUEST GET https://servicemanagement.googleapis.com/v1/services/runtimeconfig.googleapis.com/projectSettings/friendlychat-e6bb6?view=CONSUMER_VIEW  
 Sun Sep 10 2017 09:04:15 GMT+0100 (WAT)
[debug] [2017-09-10T08:04:17.723Z] <<< HTTP RESPONSE 200
[warn] ⚠  runtimeconfig: missing necessary APIs. Enabling now...
[debug] [2017-09-10T08:04:17.725Z] >>> HTTP REQUEST PATCH https://servicemanagement.googleapis.com/v1/services/runtimeconfig.googleapis.com/projectSettings/friendlychat-e6bb6?updateMask=usageSettings { usageSettings: { consumerEnableStatus: 'ENABLED' } } 
 Sun Sep 10 2017 09:04:17 GMT+0100 (WAT)
[debug] [2017-09-10T08:04:17.737Z] <<< HTTP RESPONSE 200
[warn] ⚠  functions: missing necessary APIs. Enabling now...
[debug] [2017-09-10T08:04:17.739Z] >>> HTTP REQUEST PATCH https://servicemanagement.googleapis.com/v1/services/cloudfunctions.googleapis.com/projectSettings/friendlychat-e6bb6?updateMask=usageSettings { usageSettings: { consumerEnableStatus: 'ENABLED' } } 
 Sun Sep 10 2017 09:04:17 GMT+0100 (WAT)
[debug] [2017-09-10T08:04:20.753Z] <<< HTTP RESPONSE 200
[debug] [2017-09-10T08:04:23.976Z] <<< HTTP RESPONSE 200
[debug] [2017-09-10T08:04:30.763Z] >>> HTTP REQUEST GET https://servicemanagement.googleapis.com/v1/services/runtimeconfig.googleapis.com/projectSettings/friendlychat-e6bb6?view=CONSUMER_VIEW  
 Sun Sep 10 2017 09:04:30 GMT+0100 (WAT)
[debug] [2017-09-10T08:04:32.292Z] <<< HTTP RESPONSE 200
[info] ✔  runtimeconfig: all necessary APIs are enabled
[debug] [2017-09-10T08:04:33.979Z] >>> HTTP REQUEST GET https://servicemanagement.googleapis.com/v1/services/cloudfunctions.googleapis.com/projectSettings/friendlychat-e6bb6?view=CONSUMER_VIEW  
 Sun Sep 10 2017 09:04:33 GMT+0100 (WAT)
[debug] [2017-09-10T08:04:36.075Z] <<< HTTP RESPONSE 200
[info] i  functions: waiting for APIs to activate...
[debug] [2017-09-10T08:04:46.080Z] >>> HTTP REQUEST GET https://servicemanagement.googleapis.com/v1/services/cloudfunctions.googleapis.com/projectSettings/friendlychat-e6bb6?view=CONSUMER_VIEW  
 Sun Sep 10 2017 09:04:46 GMT+0100 (WAT)
[debug] [2017-09-10T08:04:47.655Z] <<< HTTP RESPONSE 200
[info] i  functions: waiting for APIs to activate...
[debug] [2017-09-10T08:04:57.666Z] >>> HTTP REQUEST GET https://servicemanagement.googleapis.com/v1/services/cloudfunctions.googleapis.com/projectSettings/friendlychat-e6bb6?view=CONSUMER_VIEW  
 Sun Sep 10 2017 09:04:57 GMT+0100 (WAT)
[debug] [2017-09-10T08:04:59.232Z] <<< HTTP RESPONSE 200
[info] i  functions: waiting for APIs to activate...
[debug] [2017-09-10T08:05:09.239Z] >>> HTTP REQUEST GET https://servicemanagement.googleapis.com/v1/services/cloudfunctions.googleapis.com/projectSettings/friendlychat-e6bb6?view=CONSUMER_VIEW  
 Sun Sep 10 2017 09:05:09 GMT+0100 (WAT)
[debug] [2017-09-10T08:05:11.067Z] <<< HTTP RESPONSE 200
[info] i  functions: waiting for APIs to activate...
[debug] [2017-09-10T08:05:21.078Z] >>> HTTP REQUEST GET https://servicemanagement.googleapis.com/v1/services/cloudfunctions.googleapis.com/projectSettings/friendlychat-e6bb6?view=CONSUMER_VIEW  
 Sun Sep 10 2017 09:05:21 GMT+0100 (WAT)
[debug] [2017-09-10T08:05:22.520Z] <<< HTTP RESPONSE 200
[info] i  functions: waiting for APIs to activate...
[debug] [2017-09-10T08:05:32.527Z] >>> HTTP REQUEST GET https://servicemanagement.googleapis.com/v1/services/cloudfunctions.googleapis.com/projectSettings/friendlychat-e6bb6?view=CONSUMER_VIEW  
 Sun Sep 10 2017 09:05:32 GMT+0100 (WAT)
[debug] [2017-09-10T08:05:34.207Z] <<< HTTP RESPONSE 200
[info] i  functions: waiting for APIs to activate...
[debug] [2017-09-10T08:05:44.219Z] >>> HTTP REQUEST GET https://servicemanagement.googleapis.com/v1/services/cloudfunctions.googleapis.com/projectSettings/friendlychat-e6bb6?view=CONSUMER_VIEW  
 Sun Sep 10 2017 09:05:44 GMT+0100 (WAT)
[debug] [2017-09-10T08:05:47.232Z] <<< HTTP RESPONSE 200
[info] i  functions: waiting for APIs to activate...
[debug] [2017-09-10T08:05:57.244Z] >>> HTTP REQUEST GET https://servicemanagement.googleapis.com/v1/services/cloudfunctions.googleapis.com/projectSettings/friendlychat-e6bb6?view=CONSUMER_VIEW  
 Sun Sep 10 2017 09:05:57 GMT+0100 (WAT)
[debug] [2017-09-10T08:05:58.674Z] <<< HTTP RESPONSE 200
[info] i  functions: waiting for APIs to activate...
[debug] [2017-09-10T08:06:08.685Z] >>> HTTP REQUEST GET https://servicemanagement.googleapis.com/v1/services/cloudfunctions.googleapis.com/projectSettings/friendlychat-e6bb6?view=CONSUMER_VIEW  
 Sun Sep 10 2017 09:06:08 GMT+0100 (WAT)
[debug] [2017-09-10T08:06:10.191Z] <<< HTTP RESPONSE 200
[info] i  functions: waiting for APIs to activate...
[debug] [2017-09-10T08:06:20.199Z] >>> HTTP REQUEST GET https://servicemanagement.googleapis.com/v1/services/cloudfunctions.googleapis.com/projectSettings/friendlychat-e6bb6?view=CONSUMER_VIEW  
 Sun Sep 10 2017 09:06:20 GMT+0100 (WAT)
[debug] [2017-09-10T08:06:21.777Z] <<< HTTP RESPONSE 200
[info] i  functions: waiting for APIs to activate...
[debug] [2017-09-10T08:06:31.780Z] >>> HTTP REQUEST GET https://servicemanagement.googleapis.com/v1/services/cloudfunctions.googleapis.com/projectSettings/friendlychat-e6bb6?view=CONSUMER_VIEW  
 Sun Sep 10 2017 09:06:31 GMT+0100 (WAT)
[debug] [2017-09-10T08:06:33.370Z] <<< HTTP RESPONSE 200
[info] i  functions: waiting for APIs to activate...
[debug] [2017-09-10T08:06:43.381Z] >>> HTTP REQUEST GET https://servicemanagement.googleapis.com/v1/services/cloudfunctions.googleapis.com/projectSettings/friendlychat-e6bb6?view=CONSUMER_VIEW  
 Sun Sep 10 2017 09:06:43 GMT+0100 (WAT)
[debug] [2017-09-10T08:06:44.950Z] <<< HTTP RESPONSE 200
[info] i  functions: waiting for APIs to activate...
[debug] [2017-09-10T08:06:54.962Z] >>> HTTP REQUEST GET https://servicemanagement.googleapis.com/v1/services/cloudfunctions.googleapis.com/projectSettings/friendlychat-e6bb6?view=CONSUMER_VIEW  
 Sun Sep 10 2017 09:06:54 GMT+0100 (WAT)
[debug] [2017-09-10T08:06:56.519Z] <<< HTTP RESPONSE 200
[info] i  functions: waiting for APIs to activate...
[debug] [2017-09-10T08:06:56.521Z] >>> HTTP REQUEST PATCH https://servicemanagement.googleapis.com/v1/services/cloudfunctions.googleapis.com/projectSettings/friendlychat-e6bb6?updateMask=usageSettings { usageSettings: { consumerEnableStatus: 'ENABLED' } } 
 Sun Sep 10 2017 09:06:56 GMT+0100 (WAT)
[debug] [2017-09-10T08:06:59.346Z] <<< HTTP RESPONSE 200
[debug] [2017-09-10T08:07:09.352Z] >>> HTTP REQUEST GET https://servicemanagement.googleapis.com/v1/services/cloudfunctions.googleapis.com/projectSettings/friendlychat-e6bb6?view=CONSUMER_VIEW  
 Sun Sep 10 2017 09:07:09 GMT+0100 (WAT)
[debug] [2017-09-10T08:07:10.857Z] <<< HTTP RESPONSE 200
[info] i  functions: waiting for APIs to activate...
[debug] [2017-09-10T08:07:20.865Z] >>> HTTP REQUEST GET https://servicemanagement.googleapis.com/v1/services/cloudfunctions.googleapis.com/projectSettings/friendlychat-e6bb6?view=CONSUMER_VIEW  
 Sun Sep 10 2017 09:07:20 GMT+0100 (WAT)
[debug] [2017-09-10T08:07:22.459Z] <<< HTTP RESPONSE 200
[info] i  functions: waiting for APIs to activate...
[debug] [2017-09-10T08:07:32.470Z] >>> HTTP REQUEST GET https://servicemanagement.googleapis.com/v1/services/cloudfunctions.googleapis.com/projectSettings/friendlychat-e6bb6?view=CONSUMER_VIEW  
 Sun Sep 10 2017 09:07:32 GMT+0100 (WAT)
[debug] [2017-09-10T08:07:34.074Z] <<< HTTP RESPONSE 200
[info] i  functions: waiting for APIs to activate...
[debug] [2017-09-10T08:07:44.083Z] >>> HTTP REQUEST GET https://servicemanagement.googleapis.com/v1/services/cloudfunctions.googleapis.com/projectSettings/friendlychat-e6bb6?view=CONSUMER_VIEW  
 Sun Sep 10 2017 09:07:44 GMT+0100 (WAT)
[debug] [2017-09-10T08:07:45.788Z] <<< HTTP RESPONSE 200
[info] i  functions: waiting for APIs to activate...
[debug] [2017-09-10T08:07:55.795Z] >>> HTTP REQUEST GET https://servicemanagement.googleapis.com/v1/services/cloudfunctions.googleapis.com/projectSettings/friendlychat-e6bb6?view=CONSUMER_VIEW  
 Sun Sep 10 2017 09:07:55 GMT+0100 (WAT)
[debug] [2017-09-10T08:07:57.387Z] <<< HTTP RESPONSE 200
[info] i  functions: waiting for APIs to activate...
[debug] [2017-09-10T08:08:07.396Z] >>> HTTP REQUEST GET https://servicemanagement.googleapis.com/v1/services/cloudfunctions.googleapis.com/projectSettings/friendlychat-e6bb6?view=CONSUMER_VIEW  
 Sun Sep 10 2017 09:08:07 GMT+0100 (WAT)
[debug] [2017-09-10T08:08:08.954Z] <<< HTTP RESPONSE 200
[info] i  functions: waiting for APIs to activate...
[debug] [2017-09-10T08:08:18.966Z] >>> HTTP REQUEST GET https://servicemanagement.googleapis.com/v1/services/cloudfunctions.googleapis.com/projectSettings/friendlychat-e6bb6?view=CONSUMER_VIEW  
 Sun Sep 10 2017 09:08:18 GMT+0100 (WAT)
[debug] [2017-09-10T08:08:20.717Z] <<< HTTP RESPONSE 200
[info] ✔  functions: all necessary APIs are enabled
[debug] [2017-09-10T08:08:20.718Z] >>> HTTP REQUEST GET https://appengine.googleapis.com/v1/apps/friendlychat-e6bb6  
 Sun Sep 10 2017 09:08:20 GMT+0100 (WAT)
[debug] [2017-09-10T08:08:20.719Z] >>> HTTP REQUEST GET https://apikeys.googleapis.com/v1/projects/friendlychat-e6bb6/apiKeys  
 Sun Sep 10 2017 09:08:20 GMT+0100 (WAT)
[debug] [2017-09-10T08:08:22.275Z] <<< HTTP RESPONSE 200
[debug] [2017-09-10T08:08:22.353Z] <<< HTTP RESPONSE 200
[info] i  functions: preparing functions directory for uploading...
[debug] [2017-09-10T08:08:22.422Z] >>> HTTP REQUEST GET https://runtimeconfig.googleapis.com/v1beta1/projects/friendlychat-e6bb6/configs  
 Sun Sep 10 2017 09:08:22 GMT+0100 (WAT)
[debug] [2017-09-10T08:08:24.179Z] <<< HTTP RESPONSE 200
[info] i  hosting: preparing ./ directory for upload...
[debug] [2017-09-10T08:08:24.862Z] >>> HTTP REQUEST PUT https://deploy.firebase.com/v1/hosting/friendlychat-e6bb6/uploads/-KtepG677i_qF5On4eIv?fileCount=11&message=  
 Sun Sep 10 2017 09:08:24 GMT+0100 (WAT)
[debug] [2017-09-10T08:08:26.926Z] <<< HTTP RESPONSE 200
[debug] [2017-09-10T08:08:26.926Z] [hosting] .tgz uploaded successfully, waiting for extraction
[info] ✔  hosting: 11 files uploaded successfully
[info] i  starting release process (may take several minutes)...
[debug] [2017-09-10T08:08:56.223Z] >>> HTTP REQUEST GET https://cloudfunctions.googleapis.com/v1beta2/projects/friendlychat-e6bb6/locations/us-central1/functions  
 Sun Sep 10 2017 09:08:56 GMT+0100 (WAT)
[debug] [2017-09-10T08:08:57.702Z] <<< HTTP RESPONSE 200
[debug] [2017-09-10T08:08:57.711Z] >>> HTTP REQUEST GET https://cloudfunctions.googleapis.com/v1beta2/projects/friendlychat-e6bb6/locations/us-central1/functions  
 Sun Sep 10 2017 09:08:57 GMT+0100 (WAT)
[debug] [2017-09-10T08:08:59.118Z] <<< HTTP RESPONSE 200
[debug] [2017-09-10T08:08:59.131Z] >>> HTTP REQUEST POST https://deploy.firebase.com/v1/projects/friendlychat-e6bb6/releases { database: { rulesString: '{\n    "rules": {\n      "messages": {\n        ".read": "auth !== null",\n        ".write": "auth !== null"\n      },\n      "fcmTokens": {\n        "$token": {\n          // Users can only read their own device tokens\n          ".read": "data.val() === auth.uid",\n          // Users can only write to their own device tokens\n          ".write": "!data.exists() || data.val() === auth.uid",\n          // value has to be the UID of the user\n          ".validate": "newData.val() === auth.uid"\n        }\n      }\n    }\n  }' },
  storage: { rules: [ [Object] ] },
  hosting: 
   { public: './',
     ignore: 
      [ 'firebase.json',
        'database-rules.json',
        'storage.rules',
        'functions' ],
     headers: [ [Object] ],
     version: '-KtepG677i_qF5On4eIv',
     prefix: '-KtepG677i_qF5On4eIv/',
     manifest: [] } } 
 Sun Sep 10 2017 09:08:59 GMT+0100 (WAT)
[debug] [2017-09-10T08:09:11.888Z] <<< HTTP RESPONSE 200
[info] 
[info] ✔  Deploy complete!
[info] 
[info] Project Console: https://console.firebase.google.com/project/friendlychat-e6bb6/overview
[info] Hosting URL: https://friendlychat-e6bb6.firebaseapp.com
